  BlockModel.cpp
C:\tmn\pyplanet\tmtrackNN\App\QtGuiApplication1\Session.h(2,10): fatal error C1083: Cannot open include file: 'tensorflow/c_api.h': No such file or directory
  Builder.cpp
C:\tmn\pyplanet\tmtrackNN\App\QtGuiApplication1\Session.h(2,10): fatal error C1083: Cannot open include file: 'tensorflow/c_api.h': No such file or directory
  GameMap.cpp
C:\tmn\pyplanet\tmtrackNN\App\QtGuiApplication1\Types.h(2,1): warning C4005: 'NOMINMAX': macro redefinition
C:\tmn\pyplanet\tmtrackNN\App\QtGuiApplication1\GameMap.cpp : message : see previous definition of 'NOMINMAX'
C:\tmn\pyplanet\tmtrackNN\App\QtGuiApplication1\StadiumBlocks.h(788,44): warning C4244: 'return': conversion from '__int64' to 'int', possible loss of data
C:\tmn\pyplanet\tmtrackNN\App\QtGuiApplication1\GameMap.cpp(164,21): warning C4267: 'return': conversion from 'size_t' to 'int', possible loss of data
  PatternData.cpp
C:\tmn\pyplanet\tmtrackNN\App\QtGuiApplication1\PatternData.h(3,10): fatal error C1083: Cannot open include file: 'nlohmann\json.hpp': No such file or directory
  PositionModel.cpp
C:\tmn\pyplanet\tmtrackNN\App\QtGuiApplication1\Session.h(2,10): fatal error C1083: Cannot open include file: 'tensorflow/c_api.h': No such file or directory
  Session.cpp
C:\tmn\pyplanet\tmtrackNN\App\QtGuiApplication1\Session.h(2,10): fatal error C1083: Cannot open include file: 'tensorflow/c_api.h': No such file or directory
  tf.cpp
C:\tmn\pyplanet\tmtrackNN\App\QtGuiApplication1\tf.h(7,10): fatal error C1083: Cannot open include file: 'tensorflow/c_api.h': No such file or directory
  MPServer.cpp
C:\tmn\pyplanet\tmtrackNN\App\TMTrackNNBuild\MPServer.h(3,10): fatal error C1083: Cannot open include file: 'Builder.h': No such file or directory
  TMTrackNNBuild.cpp
C:\tmn\pyplanet\tmtrackNN\App\TMTrackNNBuild\TMTrackNNBuild.cpp(6,10): fatal error C1083: Cannot open include file: 'tensorflow/c_api.h': No such file or directory
  Generating Code...
